<?xml version="1.0" encoding="UTF-8"?>
<!-- Generated by org.testng.reporters.JUnitXMLReporter -->
<testsuite ignored="0" hostname="Adarsh-PC" failures="0" tests="6" name="SanityTest" time="0.122" errors="0" timestamp="2023-12-28T15:43:03 IST">
  <testcase classname="BatchTesting.LoginTest" name="LoginByEmail" time="0.013"/>
  <testcase classname="BatchTesting.LoginTest" name="LoginByFb" time="0.003"/>
  <testcase classname="BatchTesting.LoginTest" name="LoginByTwitter" time="0.007"/>
  <testcase classname="BatchTesting.SignUpTest" name="SignUpByEmail" time="0.002"/>
  <testcase classname="BatchTesting.SignUpTest" name="SignUpByFb" time="0.002"/>
  <testcase classname="BatchTesting.SignUpTest" name="SignUpByTwitter" time="0.002"/>
</testsuite> <!-- SanityTest -->
