<?xml version="1.0" encoding="UTF-8"?>
<!-- Generated by org.testng.reporters.JUnitXMLReporter -->
<testsuite ignored="0" hostname="Adarsh-PC" failures="0" tests="3" name="FunctionalTest" time="0.021" errors="0" timestamp="2023-12-28T15:43:03 IST">
  <testcase classname="BatchTesting.PaymentTest" name="Paymentindollar" time="0.002"/>
  <testcase classname="BatchTesting.PaymentTest" name="Paymentinrupees" time="0.003"/>
  <testcase classname="BatchTesting.PaymentReturn" name="returnbybank" time="0.002"/>
</testsuite> <!-- FunctionalTest -->
