<?xml version="1.0" encoding="UTF-8"?>
<!-- Generated by org.testng.reporters.JUnitXMLReporter -->
<testsuite ignored="0" hostname="Adarsh-PC" failures="1" tests="2" name="LoginTest" time="0.13" errors="0" timestamp="2023-12-28T17:50:09 IST">
  <testcase classname="listeners.LoginTest" name="loginByEmail" time="0.019"/>
  <testcase classname="listeners.LoginTest" name="loginByFb" time="0.017">
    <failure type="java.lang.AssertionError" message="expected [shivam] but found [adarsh]">
      <![CDATA[java.lang.AssertionError: expected [shivam] but found [adarsh]
at listeners.LoginTest.loginByFb(LoginTest.java:16)
at java.base/java.util.ArrayList.forEach(ArrayList.java:1511)
... Removed 33 stack frames]]>
    </failure>
  </testcase> <!-- loginByFb -->
</testsuite> <!-- LoginTest -->
